 Job start date: 2024-04-01  time: 20:44:47
 ---------------------------------------------------
----------------------
 HYPE version 5.12.1  
----------------------
 File opened: ./info.txt
 WARNING: Unknown code on info.txt line: modeloption riverflowmodel	0
 File read  : ./info.txt
 Simulation information loaded (info.txt)

 --------Information about the simulation---------
 Current model set-up:  ./
 Simulation sequence:              0

 Simulation begin date  1980-01-01 00:00
 Crit/Output start date 1980-01-01 00:00
 Simulation end date    2015-12-31 00:00
 Simulation steplength  1d  
 Number of substances modelled           0
 Model options:
                PET model           3
           Snowfall model           0
       Snowfalldist model           2
           Snowmelt model           0
           Snowevap model           1
           Snowheat model           0
        Snowdensity model           0
  Frozen soil water flows           2
      Lakeriver ice model           0
   Glacier initialization           1
   Deep groundwater model           0
         Floodplain model           0
     Surface runoff model           0
       Infiltration model           3
            Wetland model           0
 Surface water temp model           0
      Growth season model           0
            Erosion model           0
       Soil leakage model           0
       Ilake connectivity           2

 Output information:
 -------------------------------------------------

 File opened: ./GeoClass.txt
 Class information loaded (GeoClass)
 File opened: ./GeoData.txt
 Geographical information loaded
 File opened: ./Pobs.txt
 File ready: ./Pobs.txt
 File opened: ./Tobs.txt
 File ready: ./Tobs.txt
 File opened: ./TMINobs.txt
 File ready: ./TMINobs.txt
 File opened: ./TMAXobs.txt
 File ready: ./TMAXobs.txt
 File ready: ./Qobs.txt
 File opened: ./par.txt
 Model parameters loaded
 File opened: ./CatchGroup.txt
 File loaded: ./CatchGroup.txt
 File opened: ./CatchDes.txt
 File loaded: ./CatchDes.txt
 File opened: ./reg_par.txt
 File loaded: ./reg_par.txt
 File opened: ./CatchGroup.txt
 File loaded: ./CatchGroup.txt
 File opened: ./CatchDes.txt
 File loaded: ./CatchDes.txt
 File opened: ./reg_par.txt
 File loaded: ./reg_par.txt

 ---------------------------------------------------
 Initialisations finished, calculations starts: 2024-04-01  time: 20:44:48
 ---------------------------------------------------
Start simulate year: 1980
Start simulate year: 1981
Start simulate year: 1982
Start simulate year: 1983
Start simulate year: 1984
Start simulate year: 1985
Start simulate year: 1986
Start simulate year: 1987
Start simulate year: 1988
Start simulate year: 1989
Start simulate year: 1990
Start simulate year: 1991
Start simulate year: 1992
Start simulate year: 1993
Start simulate year: 1994
Start simulate year: 1995
Start simulate year: 1996
Start simulate year: 1997
Start simulate year: 1998
Start simulate year: 1999
Start simulate year: 2000
Start simulate year: 2001
Start simulate year: 2002
Start simulate year: 2003
Start simulate year: 2004
Start simulate year: 2005
Start simulate year: 2006
Start simulate year: 2007
Start simulate year: 2008
Start simulate year: 2009
Start simulate year: 2010
Start simulate year: 2011
Start simulate year: 2012
Start simulate year: 2013
Start simulate year: 2014
Start simulate year: 2015

 ---------------------------------------------------
 Job finished date: 2024-04-01  time: 20:58:28
